Using pre-set license
Built from '2022.3/staging' branch; Version is '2022.3.9f1 (ea401c316338) revision 15351836'; Using compiler version '192829333'; Build Type 'Release'
OS: 'Windows 11  (10.0.22621) 64bit Core' Language: 'fr' Physical Memory: 32012 MB
BatchMode: 1, IsHumanControllingUs: 0, StartBugReporterOnCrash: 0, Is64bit: 1, IsPro: 1

COMMAND LINE ARGUMENTS:
C:\Program Files\Unity\Hub\Editor\2022.3.9f1\Editor\Unity.exe
-adb2
-batchMode
-noUpm
-name
AssetImportWorker2
-projectPath
C:/Users/pheni/Downloads/Decay3-main/Decay3-main/Decay3
-logFile
Logs/AssetImportWorker2.log
-srvPort
50951
Successfully changed project path to: C:/Users/pheni/Downloads/Decay3-main/Decay3-main/Decay3
C:/Users/pheni/Downloads/Decay3-main/Decay3-main/Decay3
[UnityMemory] Configuration Parameters - Can be set up in boot.config
    "memorysetup-bucket-allocator-granularity=16"
    "memorysetup-bucket-allocator-bucket-count=8"
    "memorysetup-bucket-allocator-block-size=33554432"
    "memorysetup-bucket-allocator-block-count=8"
    "memorysetup-main-allocator-block-size=16777216"
    "memorysetup-thread-allocator-block-size=16777216"
    "memorysetup-gfx-main-allocator-block-size=16777216"
    "memorysetup-gfx-thread-allocator-block-size=16777216"
    "memorysetup-cache-allocator-block-size=4194304"
    "memorysetup-typetree-allocator-block-size=2097152"
    "memorysetup-profiler-bucket-allocator-granularity=16"
    "memorysetup-profiler-bucket-allocator-bucket-count=8"
    "memorysetup-profiler-bucket-allocator-block-size=33554432"
    "memorysetup-profiler-bucket-allocator-block-count=8"
    "memorysetup-profiler-allocator-block-size=16777216"
    "memorysetup-profiler-editor-allocator-block-size=1048576"
    "memorysetup-temp-allocator-size-main=16777216"
    "memorysetup-job-temp-allocator-block-size=2097152"
    "memorysetup-job-temp-allocator-block-size-background=1048576"
    "memorysetup-job-temp-allocator-reduction-small-platforms=262144"
    "memorysetup-allocator-temp-initial-block-size-main=262144"
    "memorysetup-allocator-temp-initial-block-size-worker=262144"
    "memorysetup-temp-allocator-size-background-worker=32768"
    "memorysetup-temp-allocator-size-job-worker=262144"
    "memorysetup-temp-allocator-size-preload-manager=33554432"
    "memorysetup-temp-allocator-size-nav-mesh-worker=65536"
    "memorysetup-temp-allocator-size-audio-worker=65536"
    "memorysetup-temp-allocator-size-cloud-worker=32768"
    "memorysetup-temp-allocator-size-gi-baking-worker=262144"
    "memorysetup-temp-allocator-size-gfx=262144"
Player connection [18388] Host "[IP] 192.168.1.40 [Port] 0 [Flags] 2 [Guid] 2877035827 [EditorId] 2877035827 [Version] 1048832 [Id] WindowsEditor(7,RTXLS-Médical) [Debug] 1 [PackageName] WindowsEditor [ProjectName] Editor" joined multi-casting on [225.0.0.222:54997]...

Player connection [18388] Host "[IP] 192.168.1.40 [Port] 0 [Flags] 2 [Guid] 2877035827 [EditorId] 2877035827 [Version] 1048832 [Id] WindowsEditor(7,RTXLS-Médical) [Debug] 1 [PackageName] WindowsEditor [ProjectName] Editor" joined alternative multi-casting on [225.0.0.222:34997]...

[Physics::Module] Initialized MultithreadedJobDispatcher with 15 workers.
Refreshing native plugins compatible for Editor in 1390.16 ms, found 4 plugins.
Preloading 0 native plugins for Editor in 0.00 ms.
Initialize engine version: 2022.3.9f1 (ea401c316338)
[Subsystems] Discovering subsystems at path C:/Program Files/Unity/Hub/Editor/2022.3.9f1/Editor/Data/Resources/UnitySubsystems
[Subsystems] Discovering subsystems at path C:/Users/pheni/Downloads/Decay3-main/Decay3-main/Decay3/Assets
GfxDevice: creating device client; threaded=0; jobified=0
Direct3D:
    Version:  Direct3D 11.0 [level 11.1]
    Renderer: NVIDIA GeForce RTX 3070 Ti Laptop GPU (ID=0x24a0)
    Vendor:   NVIDIA
    VRAM:     8032 MB
    Driver:   31.0.15.4584
Initialize mono
Mono path[0] = 'C:/Program Files/Unity/Hub/Editor/2022.3.9f1/Editor/Data/Managed'
Mono path[1] = 'C:/Program Files/Unity/Hub/Editor/2022.3.9f1/Editor/Data/MonoBleedingEdge/lib/mono/unityjit-win32'
Mono config path = 'C:/Program Files/Unity/Hub/Editor/2022.3.9f1/Editor/Data/MonoBleedingEdge/etc'
Using monoOptions --debugger-agent=transport=dt_socket,embedding=1,server=y,suspend=n,address=127.0.0.1:56612
Begin MonoManager ReloadAssembly
Registering precompiled unity dll's ...
Register platform support module: C:/Program Files/Unity/Hub/Editor/2022.3.9f1/Editor/Data/PlaybackEngines/WebGLSupport/UnityEditor.WebGL.Extensions.dll
Register platform support module: C:/Program Files/Unity/Hub/Editor/2022.3.9f1/Editor/Data/PlaybackEngines/WindowsStandaloneSupport/UnityEditor.WindowsStandalone.Extensions.dll
Registered in 0.178911 seconds.
- Loaded All Assemblies, in  5.513 seconds
Native extension for WindowsStandalone target not found
Native extension for WebGL target not found
Mono: successfully reloaded assembly
- Finished resetting the current domain, in  0.265 seconds
Domain Reload Profiling: 5777ms
	BeginReloadAssembly (4082ms)
		ExecutionOrderSort (0ms)
		DisableScriptedObjects (0ms)
		BackupInstance (0ms)
		ReleaseScriptingObjects (0ms)
		CreateAndSetChildDomain (1ms)
	RebuildCommonClasses (393ms)
	RebuildNativeTypeToScriptingClass (9ms)
	initialDomainReloadingComplete (232ms)
	LoadAllAssembliesAndSetupDomain (796ms)
		LoadAssemblies (4080ms)
		RebuildTransferFunctionScriptingTraits (0ms)
		AnalyzeDomain (794ms)
			TypeCache.Refresh (792ms)
				TypeCache.ScanAssembly (577ms)
			ScanForSourceGeneratedMonoScriptInfo (0ms)
			ResolveRequiredComponents (0ms)
	FinalizeReload (266ms)
		ReleaseScriptCaches (0ms)
		RebuildScriptCaches (0ms)
		SetupLoadedEditorAssemblies (205ms)
			LogAssemblyErrors (0ms)
			InitializePlatformSupportModulesInManaged (9ms)
			SetLoadedEditorAssemblies (5ms)
			RefreshPlugins (0ms)
			BeforeProcessingInitializeOnLoad (2ms)
			ProcessInitializeOnLoadAttributes (134ms)
			ProcessInitializeOnLoadMethodAttributes (55ms)
			AfterProcessingInitializeOnLoad (0ms)
			EditorAssembliesLoaded (0ms)
		ExecutionOrderSort2 (0ms)
		AwakeInstancesAfterBackupRestoration (0ms)
========================================================================
Worker process is ready to serve import requests
Begin MonoManager ReloadAssembly
- Loaded All Assemblies, in 61.731 seconds
Refreshing native plugins compatible for Editor in 5.91 ms, found 4 plugins.
Native extension for WindowsStandalone target not found
Native extension for WebGL target not found
Package Manager log level set to [2]
[Package Manager] Server::EnsureServerProcessIsRunning -- launch failed, reason: Unity was launched with the -noUpm command-line argument
[Package Manager] UpmClient::Send -- Unable to send message (not connected to UPM process).
[Package Manager] Cannot connect to Unity Package Manager local server
Mono: successfully reloaded assembly
- Finished resetting the current domain, in  0.575 seconds
Domain Reload Profiling: 62302ms
	BeginReloadAssembly (152ms)
		ExecutionOrderSort (0ms)
		DisableScriptedObjects (4ms)
		BackupInstance (0ms)
		ReleaseScriptingObjects (0ms)
		CreateAndSetChildDomain (22ms)
	RebuildCommonClasses (36ms)
	RebuildNativeTypeToScriptingClass (10ms)
	initialDomainReloadingComplete (47ms)
	LoadAllAssembliesAndSetupDomain (61483ms)
		LoadAssemblies (61116ms)
		RebuildTransferFunctionScriptingTraits (0ms)
		AnalyzeDomain (464ms)
			TypeCache.Refresh (434ms)
				TypeCache.ScanAssembly (385ms)
			ScanForSourceGeneratedMonoScriptInfo (24ms)
			ResolveRequiredComponents (5ms)
	FinalizeReload (575ms)
		ReleaseScriptCaches (0ms)
		RebuildScriptCaches (0ms)
		SetupLoadedEditorAssemblies (425ms)
			LogAssemblyErrors (0ms)
			InitializePlatformSupportModulesInManaged (7ms)
			SetLoadedEditorAssemblies (3ms)
			RefreshPlugins (0ms)
			BeforeProcessingInitializeOnLoad (64ms)
			ProcessInitializeOnLoadAttributes (309ms)
			ProcessInitializeOnLoadMethodAttributes (36ms)
			AfterProcessingInitializeOnLoad (7ms)
			EditorAssembliesLoaded (0ms)
		ExecutionOrderSort2 (0ms)
		AwakeInstancesAfterBackupRestoration (6ms)
Failed to load shader (instanceID 404, GUID 7cbb3655339ec401ca75ba5fe26884f4)
Failed to load shader (instanceID 406, GUID bedd19944f451ba4d83e7ed69be98d5c)
Failed to load shader (instanceID 400, GUID 3230fdc399f8287488325e5941a00527)
Failed to load shader (instanceID 408, GUID 9c442dc870b456e48b615cd8add0e9ef)
Failed to load shader (instanceID 402, GUID 603d454d711fe784cba9ce08dd22b881)
Failed to load shader (instanceID 398, GUID 0a8f4dcd626bcd14bbbfa5a5e116b16e)
Launched and connected shader compiler UnityShaderCompiler.exe after 0.08 seconds
Refreshing native plugins compatible for Editor in 6.90 ms, found 4 plugins.
Preloading 0 native plugins for Editor in 0.00 ms.
Unloading 4039 Unused Serialized files (Serialized files now loaded: 0)
Unloading 63 unused Assets / (60.5 KB). Loaded Objects now: 4503.
Memory consumption went from 139.7 MB to 139.6 MB.
Total: 4.449400 ms (FindLiveObjects: 0.433000 ms CreateObjectMapping: 0.332000 ms MarkObjects: 3.538000 ms  DeleteObjects: 0.145400 ms)

AssetImportParameters requested are different than current active one (requested -> active):
  custom:container-demuxer-ogg: 62fdf1f143b41e24485cea50d1cbac27 -> 
  custom:video-codec-MediaFoundation-h265: 746d11721c4dcdbdad8f713fa42b33f4 -> 
  custom:video-decoder-ogg-theora: a1e56fd34408186e4bbccfd4996cb3dc -> 
  custom:framework-win-MediaFoundation: 216162199b28c13a410421893ffa2e32 -> 
  custom:CustomObjectIndexerAttribute: 756ad292c208cfabdd7b50bc23989ffe -> 
  custom:container-demuxer-webm: 4f35f7cbe854078d1ac9338744f61a02 -> 
  custom:container-muxer-webm: aa71ff27fc2769a1b78a27578f13a17b -> 
  custom:video-decoder-webm-vp8: 9c59270c3fd7afecdb556c50c9e8de78 -> 
  custom:SearchIndexIgnoredProperties: e643bd26f0fe6173181afceb89e7c659 -> 
  custom:AudioImporter_EditorPlatform: d09bf68614088b80899f8185d706f6e7 -> 
  custom:video-encoder-webm-vp8: eb34c28f22e8b96e1ab97ce403110664 -> 
  custom:audio-decoder-ogg-vorbis: bf7c407c2cedff20999df2af8eb42d56 -> 
  custom:audio-encoder-webm-vorbis: bf7c407c2cedff20999df2af8eb42d56 -> 
========================================================================
Received Import Request.
  Time since last request: 656335.323795 seconds.
  path: Assets/tilemap/Sprite-0007_2.asset
  artifactKey: Guid(985a179ef8b3126448e16c1558f5d081) Importer(815301076,1909f56bfc062723c751e8b465ee728b)
Start importing Assets/tilemap/Sprite-0007_2.asset using Guid(985a179ef8b3126448e16c1558f5d081) Importer(815301076,1909f56bfc062723c751e8b465ee728b)  -> (artifact id: 'e853cbfdcd3af8ce3d4e271de4f96747') in 0.086152 seconds
Number of updated asset objects reloaded before import = 0
Number of asset objects unloaded after import = 3
========================================================================
Received Import Request.
  Time since last request: 0.000041 seconds.
  path: Assets/tilemap/Sprite-0007_46.asset
  artifactKey: Guid(a90db8e1d15dbf44b9fa5bc695c4cb4b) Importer(815301076,1909f56bfc062723c751e8b465ee728b)
Start importing Assets/tilemap/Sprite-0007_46.asset using Guid(a90db8e1d15dbf44b9fa5bc695c4cb4b) Importer(815301076,1909f56bfc062723c751e8b465ee728b)  -> (artifact id: '1d892037df69dfb3c0514826679a98c4') in 0.016035 seconds
Number of updated asset objects reloaded before import = 0
Number of asset objects unloaded after import = 3
========================================================================
Received Import Request.
  Time since last request: 0.000027 seconds.
  path: Assets/tilemap/Sprite-0007_75.asset
  artifactKey: Guid(9e575b375c5ccf043bcfdd72a305ea49) Importer(815301076,1909f56bfc062723c751e8b465ee728b)
Start importing Assets/tilemap/Sprite-0007_75.asset using Guid(9e575b375c5ccf043bcfdd72a305ea49) Importer(815301076,1909f56bfc062723c751e8b465ee728b)  -> (artifact id: 'e2c4a37e303c8f658f066920e9dab3bd') in 0.018124 seconds
Number of updated asset objects reloaded before import = 0
Number of asset objects unloaded after import = 3
========================================================================
Received Import Request.
  Time since last request: 0.000018 seconds.
  path: Assets/tilemap/Sprite-0007_44.asset
  artifactKey: Guid(28e49cdc4fa25474cac586f8e3ffe1ae) Importer(815301076,1909f56bfc062723c751e8b465ee728b)
Start importing Assets/tilemap/Sprite-0007_44.asset using Guid(28e49cdc4fa25474cac586f8e3ffe1ae) Importer(815301076,1909f56bfc062723c751e8b465ee728b)  -> (artifact id: '01b394c5a0bdb176da93822a585cf29b') in 0.012041 seconds
Number of updated asset objects reloaded before import = 0
Number of asset objects unloaded after import = 3
========================================================================
Received Import Request.
  Time since last request: 0.000019 seconds.
  path: Assets/tilemap/Sprite-0007_8.asset
  artifactKey: Guid(23d5196d0958d5b4c9c17727a6575433) Importer(815301076,1909f56bfc062723c751e8b465ee728b)
Start importing Assets/tilemap/Sprite-0007_8.asset using Guid(23d5196d0958d5b4c9c17727a6575433) Importer(815301076,1909f56bfc062723c751e8b465ee728b)  -> (artifact id: '3347f6c44b4afe6fdca58e8bef1105de') in 0.013549 seconds
Number of updated asset objects reloaded before import = 0
Number of asset objects unloaded after import = 3
========================================================================
Received Import Request.
  Time since last request: 0.000019 seconds.
  path: Assets/tilemap/Sprite-0007_57.asset
  artifactKey: Guid(a006c22d2bec9a746ba683a8760b7f32) Importer(815301076,1909f56bfc062723c751e8b465ee728b)
Start importing Assets/tilemap/Sprite-0007_57.asset using Guid(a006c22d2bec9a746ba683a8760b7f32) Importer(815301076,1909f56bfc062723c751e8b465ee728b)  -> (artifact id: '516c272935b128b933a742ed82382229') in 0.012619 seconds
Number of updated asset objects reloaded before import = 0
Number of asset objects unloaded after import = 3
========================================================================
Received Import Request.
  Time since last request: 0.000016 seconds.
  path: Assets/tilemap/Sprite-0007_54.asset
  artifactKey: Guid(c13152a05502ea246aaa932613e84f7a) Importer(815301076,1909f56bfc062723c751e8b465ee728b)
Start importing Assets/tilemap/Sprite-0007_54.asset using Guid(c13152a05502ea246aaa932613e84f7a) Importer(815301076,1909f56bfc062723c751e8b465ee728b)  -> (artifact id: '5d41d51a46a1dd164f2e6f4afe919cb3') in 0.010103 seconds
Number of updated asset objects reloaded before import = 0
Number of asset objects unloaded after import = 3
========================================================================
Received Import Request.
  Time since last request: 0.000017 seconds.
  path: Assets/tilemap/Sprite-0007_37.asset
  artifactKey: Guid(51b3f164faef7b243880517237de8193) Importer(815301076,1909f56bfc062723c751e8b465ee728b)
Start importing Assets/tilemap/Sprite-0007_37.asset using Guid(51b3f164faef7b243880517237de8193) Importer(815301076,1909f56bfc062723c751e8b465ee728b)  -> (artifact id: 'bfe23d4123dea084f2cc09c9a046bd80') in 0.012951 seconds
Number of updated asset objects reloaded before import = 0
Number of asset objects unloaded after import = 3
========================================================================
Received Import Request.
  Time since last request: 0.000018 seconds.
  path: Assets/tilemap/Sprite-0007_69.asset
  artifactKey: Guid(c0687c0d12fb5554e88b4062450c5d6a) Importer(815301076,1909f56bfc062723c751e8b465ee728b)
Start importing Assets/tilemap/Sprite-0007_69.asset using Guid(c0687c0d12fb5554e88b4062450c5d6a) Importer(815301076,1909f56bfc062723c751e8b465ee728b)  -> (artifact id: '6de39fb9018e7388fe0aff05e6d709bd') in 0.011491 seconds
Number of updated asset objects reloaded before import = 0
Number of asset objects unloaded after import = 3
========================================================================
Received Import Request.
  Time since last request: 0.000019 seconds.
  path: Assets/tilemap/Sprite-0007_59.asset
  artifactKey: Guid(aa6efb69f540ed648918eba6c4ad3ba3) Importer(815301076,1909f56bfc062723c751e8b465ee728b)
Start importing Assets/tilemap/Sprite-0007_59.asset using Guid(aa6efb69f540ed648918eba6c4ad3ba3) Importer(815301076,1909f56bfc062723c751e8b465ee728b)  -> (artifact id: '160f30cb6bd6b64cac10d94d5af05821') in 0.017572 seconds
Number of updated asset objects reloaded before import = 0
Number of asset objects unloaded after import = 3
========================================================================
Received Import Request.
  Time since last request: 0.000024 seconds.
  path: Assets/tilemap/Sprite-0007_41.asset
  artifactKey: Guid(d37b6116903640a498f90c726099d229) Importer(815301076,1909f56bfc062723c751e8b465ee728b)
Start importing Assets/tilemap/Sprite-0007_41.asset using Guid(d37b6116903640a498f90c726099d229) Importer(815301076,1909f56bfc062723c751e8b465ee728b)  -> (artifact id: '6b3bd53411ecd0041bddc3272f216c92') in 0.011348 seconds
Number of updated asset objects reloaded before import = 0
Number of asset objects unloaded after import = 3
========================================================================
Received Import Request.
  Time since last request: 0.000030 seconds.
  path: Assets/tilemap/Sprite-0007_23.asset
  artifactKey: Guid(56696909c8b68574b9d6c976ca8b20b7) Importer(815301076,1909f56bfc062723c751e8b465ee728b)
Start importing Assets/tilemap/Sprite-0007_23.asset using Guid(56696909c8b68574b9d6c976ca8b20b7) Importer(815301076,1909f56bfc062723c751e8b465ee728b)  -> (artifact id: 'd12e3c5da6dcd26e559347777ab41ff8') in 0.011846 seconds
Number of updated asset objects reloaded before import = 0
Number of asset objects unloaded after import = 3
========================================================================
Received Import Request.
  Time since last request: 0.000017 seconds.
  path: Assets/tilemap/Sprite-0007_26.asset
  artifactKey: Guid(c047637f7864fc54b9a8739abc526ae3) Importer(815301076,1909f56bfc062723c751e8b465ee728b)
Start importing Assets/tilemap/Sprite-0007_26.asset using Guid(c047637f7864fc54b9a8739abc526ae3) Importer(815301076,1909f56bfc062723c751e8b465ee728b)  -> (artifact id: 'df3f51f0f9c577a2eb11747d21b341e7') in 0.011952 seconds
Number of updated asset objects reloaded before import = 0
Number of asset objects unloaded after import = 3
========================================================================
Received Import Request.
  Time since last request: 0.000014 seconds.
  path: Assets/tilemap/Sprite-0007_35.asset
  artifactKey: Guid(8819acb28aa65284181397dd780878a3) Importer(815301076,1909f56bfc062723c751e8b465ee728b)
Start importing Assets/tilemap/Sprite-0007_35.asset using Guid(8819acb28aa65284181397dd780878a3) Importer(815301076,1909f56bfc062723c751e8b465ee728b)  -> (artifact id: 'ff9899b37cbe219a81a5bda6b68e15f4') in 0.011961 seconds
Number of updated asset objects reloaded before import = 0
Number of asset objects unloaded after import = 3
========================================================================
Received Import Request.
  Time since last request: 0.000015 seconds.
  path: Assets/tilemap/Sprite-0007_71.asset
  artifactKey: Guid(305b0680c1c4c974ebbd304cefd4f8bb) Importer(815301076,1909f56bfc062723c751e8b465ee728b)
Start importing Assets/tilemap/Sprite-0007_71.asset using Guid(305b0680c1c4c974ebbd304cefd4f8bb) Importer(815301076,1909f56bfc062723c751e8b465ee728b)  -> (artifact id: 'e6ec7a24be61c2f954ba08d6dc180502') in 0.012114 seconds
Number of updated asset objects reloaded before import = 0
Number of asset objects unloaded after import = 3
========================================================================
Received Import Request.
  Time since last request: 0.000027 seconds.
  path: Assets/tilemap/Sprite-0007_14.asset
  artifactKey: Guid(60ca49263a86389478aabfe592191639) Importer(815301076,1909f56bfc062723c751e8b465ee728b)
Start importing Assets/tilemap/Sprite-0007_14.asset using Guid(60ca49263a86389478aabfe592191639) Importer(815301076,1909f56bfc062723c751e8b465ee728b)  -> (artifact id: '9c58904fc422d9772671b62bc47974d9') in 0.015199 seconds
Number of updated asset objects reloaded before import = 0
Number of asset objects unloaded after import = 3
========================================================================
Received Import Request.
  Time since last request: 0.000018 seconds.
  path: Assets/tilemap/Sprite-0007_73.asset
  artifactKey: Guid(2e1ecef6c6e3f654cb027ed6afe66573) Importer(815301076,1909f56bfc062723c751e8b465ee728b)
Start importing Assets/tilemap/Sprite-0007_73.asset using Guid(2e1ecef6c6e3f654cb027ed6afe66573) Importer(815301076,1909f56bfc062723c751e8b465ee728b)  -> (artifact id: '3f9d6ee4295fedddd12c1c5a319aecd0') in 0.011099 seconds
Number of updated asset objects reloaded before import = 0
Number of asset objects unloaded after import = 3
========================================================================
Received Import Request.
  Time since last request: 0.000027 seconds.
  path: Assets/tilemap/Sprite-0007_10.asset
  artifactKey: Guid(7c4d8133e8a73ff45803efce384a1386) Importer(815301076,1909f56bfc062723c751e8b465ee728b)
Start importing Assets/tilemap/Sprite-0007_10.asset using Guid(7c4d8133e8a73ff45803efce384a1386) Importer(815301076,1909f56bfc062723c751e8b465ee728b)  -> (artifact id: '63a3f3a65f887b0cd35e900e57292f7a') in 0.012697 seconds
Number of updated asset objects reloaded before import = 0
Number of asset objects unloaded after import = 3
========================================================================
Received Import Request.
  Time since last request: 0.000019 seconds.
  path: Assets/tilemap/Sprite-0007_49.asset
  artifactKey: Guid(c1f71a30c1e27dc4187ed5a779b3e8ba) Importer(815301076,1909f56bfc062723c751e8b465ee728b)
Start importing Assets/tilemap/Sprite-0007_49.asset using Guid(c1f71a30c1e27dc4187ed5a779b3e8ba) Importer(815301076,1909f56bfc062723c751e8b465ee728b)  -> (artifact id: '9433ce4a5a84845d96badfc1513ac35c') in 0.012432 seconds
Number of updated asset objects reloaded before import = 0
Number of asset objects unloaded after import = 3
========================================================================
Received Import Request.
  Time since last request: 0.000022 seconds.
  path: Assets/tilemap/Sprite-0007_16.asset
  artifactKey: Guid(fc02010245482224daac4f2b3a0442f6) Importer(815301076,1909f56bfc062723c751e8b465ee728b)
Start importing Assets/tilemap/Sprite-0007_16.asset using Guid(fc02010245482224daac4f2b3a0442f6) Importer(815301076,1909f56bfc062723c751e8b465ee728b)  -> (artifact id: '38ec400a97432de2456b53bce04e1519') in 0.014533 seconds
Number of updated asset objects reloaded before import = 0
Number of asset objects unloaded after import = 3
========================================================================
Received Import Request.
  Time since last request: 0.000017 seconds.
  path: Assets/tilemap/Sprite-0007_25.asset
  artifactKey: Guid(c7b074282c1d1134d8dcbcaeaf3546e6) Importer(815301076,1909f56bfc062723c751e8b465ee728b)
Start importing Assets/tilemap/Sprite-0007_25.asset using Guid(c7b074282c1d1134d8dcbcaeaf3546e6) Importer(815301076,1909f56bfc062723c751e8b465ee728b)  -> (artifact id: '90f39a9996b9d113a3f8ef74503f4032') in 0.012483 seconds
Number of updated asset objects reloaded before import = 0
Number of asset objects unloaded after import = 3
========================================================================
Received Import Request.
  Time since last request: 0.000014 seconds.
  path: Assets/tilemap/Sprite-0007_38.asset
  artifactKey: Guid(3869f442cc2188245932cb26398bd299) Importer(815301076,1909f56bfc062723c751e8b465ee728b)
Start importing Assets/tilemap/Sprite-0007_38.asset using Guid(3869f442cc2188245932cb26398bd299) Importer(815301076,1909f56bfc062723c751e8b465ee728b)  -> (artifact id: 'ca7e5503126c507f34b06b3ab3c88a67') in 0.012438 seconds
Number of updated asset objects reloaded before import = 0
Number of asset objects unloaded after import = 3
========================================================================
Received Import Request.
  Time since last request: 0.000015 seconds.
  path: Assets/tilemap/Sprite-0007_36.asset
  artifactKey: Guid(321ff5f9dae720f469b171589820509e) Importer(815301076,1909f56bfc062723c751e8b465ee728b)
Start importing Assets/tilemap/Sprite-0007_36.asset using Guid(321ff5f9dae720f469b171589820509e) Importer(815301076,1909f56bfc062723c751e8b465ee728b)  -> (artifact id: 'a9213ae359f51e5abc22112f0bb3bc1a') in 0.011670 seconds
Number of updated asset objects reloaded before import = 0
Number of asset objects unloaded after import = 3
========================================================================
Received Import Request.
  Time since last request: 0.000019 seconds.
  path: Assets/tilemap/Sprite-0007_32.asset
  artifactKey: Guid(4e47c15b0951b9c47a4b6bb1c61dfaa3) Importer(815301076,1909f56bfc062723c751e8b465ee728b)
Start importing Assets/tilemap/Sprite-0007_32.asset using Guid(4e47c15b0951b9c47a4b6bb1c61dfaa3) Importer(815301076,1909f56bfc062723c751e8b465ee728b)  -> (artifact id: 'fb9752038d89ad51a58f361032720d8a') in 0.012931 seconds
Number of updated asset objects reloaded before import = 0
Number of asset objects unloaded after import = 3
========================================================================
Received Import Request.
  Time since last request: 0.000019 seconds.
  path: Assets/tilemap/Sprite-0007_66.asset
  artifactKey: Guid(abbb31a9ed770db4685a6f0fbf622a77) Importer(815301076,1909f56bfc062723c751e8b465ee728b)
Start importing Assets/tilemap/Sprite-0007_66.asset using Guid(abbb31a9ed770db4685a6f0fbf622a77) Importer(815301076,1909f56bfc062723c751e8b465ee728b)  -> (artifact id: '82ea30e01d6d71ff2a03bc7afb944dbd') in 0.015409 seconds
Number of updated asset objects reloaded before import = 0
Number of asset objects unloaded after import = 3
========================================================================
Received Import Request.
  Time since last request: 0.000017 seconds.
  path: Assets/tilemap/Sprite-0007_6.asset
  artifactKey: Guid(bae66f173b361f54484f60df687c8b87) Importer(815301076,1909f56bfc062723c751e8b465ee728b)
Start importing Assets/tilemap/Sprite-0007_6.asset using Guid(bae66f173b361f54484f60df687c8b87) Importer(815301076,1909f56bfc062723c751e8b465ee728b)  -> (artifact id: '37938945ed2178b49956192301a26858') in 0.011539 seconds
Number of updated asset objects reloaded before import = 0
Number of asset objects unloaded after import = 3
Editor requested this worker to shutdown with reason: Scaling down because of idle timeout
TcpMessagingSession - receive error: operation aborted. errorcode: 995, details: L’opération d’entrée/sortie a été abandonnée en raison de l’arrêt d’un thread ou à la demande d’une application.
AssetImportWorker is now disconnected from the server
Process exiting
Exiting without the bug reporter. Application will terminate with return code 0