Using pre-set license
Built from '2022.3/staging' branch; Version is '2022.3.9f1 (ea401c316338) revision 15351836'; Using compiler version '192829333'; Build Type 'Release'
OS: 'Windows 11  (10.0.22621) 64bit Core' Language: 'fr' Physical Memory: 32012 MB
BatchMode: 1, IsHumanControllingUs: 0, StartBugReporterOnCrash: 0, Is64bit: 1, IsPro: 1

COMMAND LINE ARGUMENTS:
C:\Program Files\Unity\Hub\Editor\2022.3.9f1\Editor\Unity.exe
-adb2
-batchMode
-noUpm
-name
AssetImportWorker1
-projectPath
C:/Users/pheni/Downloads/Decay3-main/Decay3-main/Decay3
-logFile
Logs/AssetImportWorker1.log
-srvPort
50951
Successfully changed project path to: C:/Users/pheni/Downloads/Decay3-main/Decay3-main/Decay3
C:/Users/pheni/Downloads/Decay3-main/Decay3-main/Decay3
[UnityMemory] Configuration Parameters - Can be set up in boot.config
    "memorysetup-bucket-allocator-granularity=16"
    "memorysetup-bucket-allocator-bucket-count=8"
    "memorysetup-bucket-allocator-block-size=33554432"
    "memorysetup-bucket-allocator-block-count=8"
    "memorysetup-main-allocator-block-size=16777216"
    "memorysetup-thread-allocator-block-size=16777216"
    "memorysetup-gfx-main-allocator-block-size=16777216"
    "memorysetup-gfx-thread-allocator-block-size=16777216"
    "memorysetup-cache-allocator-block-size=4194304"
    "memorysetup-typetree-allocator-block-size=2097152"
    "memorysetup-profiler-bucket-allocator-granularity=16"
    "memorysetup-profiler-bucket-allocator-bucket-count=8"
    "memorysetup-profiler-bucket-allocator-block-size=33554432"
    "memorysetup-profiler-bucket-allocator-block-count=8"
    "memorysetup-profiler-allocator-block-size=16777216"
    "memorysetup-profiler-editor-allocator-block-size=1048576"
    "memorysetup-temp-allocator-size-main=16777216"
    "memorysetup-job-temp-allocator-block-size=2097152"
    "memorysetup-job-temp-allocator-block-size-background=1048576"
    "memorysetup-job-temp-allocator-reduction-small-platforms=262144"
    "memorysetup-allocator-temp-initial-block-size-main=262144"
    "memorysetup-allocator-temp-initial-block-size-worker=262144"
    "memorysetup-temp-allocator-size-background-worker=32768"
    "memorysetup-temp-allocator-size-job-worker=262144"
    "memorysetup-temp-allocator-size-preload-manager=33554432"
    "memorysetup-temp-allocator-size-nav-mesh-worker=65536"
    "memorysetup-temp-allocator-size-audio-worker=65536"
    "memorysetup-temp-allocator-size-cloud-worker=32768"
    "memorysetup-temp-allocator-size-gi-baking-worker=262144"
    "memorysetup-temp-allocator-size-gfx=262144"
Player connection [15608] Host "[IP] 192.168.1.40 [Port] 0 [Flags] 2 [Guid] 3404096299 [EditorId] 3404096299 [Version] 1048832 [Id] WindowsEditor(7,RTXLS-Médical) [Debug] 1 [PackageName] WindowsEditor [ProjectName] Editor" joined multi-casting on [225.0.0.222:54997]...

Player connection [15608] Host "[IP] 192.168.1.40 [Port] 0 [Flags] 2 [Guid] 3404096299 [EditorId] 3404096299 [Version] 1048832 [Id] WindowsEditor(7,RTXLS-Médical) [Debug] 1 [PackageName] WindowsEditor [ProjectName] Editor" joined alternative multi-casting on [225.0.0.222:34997]...

[Physics::Module] Initialized MultithreadedJobDispatcher with 15 workers.
Refreshing native plugins compatible for Editor in 1390.22 ms, found 4 plugins.
Preloading 0 native plugins for Editor in 0.00 ms.
Initialize engine version: 2022.3.9f1 (ea401c316338)
[Subsystems] Discovering subsystems at path C:/Program Files/Unity/Hub/Editor/2022.3.9f1/Editor/Data/Resources/UnitySubsystems
[Subsystems] Discovering subsystems at path C:/Users/pheni/Downloads/Decay3-main/Decay3-main/Decay3/Assets
GfxDevice: creating device client; threaded=0; jobified=0
Direct3D:
    Version:  Direct3D 11.0 [level 11.1]
    Renderer: NVIDIA GeForce RTX 3070 Ti Laptop GPU (ID=0x24a0)
    Vendor:   NVIDIA
    VRAM:     8032 MB
    Driver:   31.0.15.4584
Initialize mono
Mono path[0] = 'C:/Program Files/Unity/Hub/Editor/2022.3.9f1/Editor/Data/Managed'
Mono path[1] = 'C:/Program Files/Unity/Hub/Editor/2022.3.9f1/Editor/Data/MonoBleedingEdge/lib/mono/unityjit-win32'
Mono config path = 'C:/Program Files/Unity/Hub/Editor/2022.3.9f1/Editor/Data/MonoBleedingEdge/etc'
Using monoOptions --debugger-agent=transport=dt_socket,embedding=1,server=y,suspend=n,address=127.0.0.1:56132
Begin MonoManager ReloadAssembly
Registering precompiled unity dll's ...
Register platform support module: C:/Program Files/Unity/Hub/Editor/2022.3.9f1/Editor/Data/PlaybackEngines/WebGLSupport/UnityEditor.WebGL.Extensions.dll
Register platform support module: C:/Program Files/Unity/Hub/Editor/2022.3.9f1/Editor/Data/PlaybackEngines/WindowsStandaloneSupport/UnityEditor.WindowsStandalone.Extensions.dll
Registered in 0.168484 seconds.
- Loaded All Assemblies, in  5.514 seconds
Native extension for WindowsStandalone target not found
Native extension for WebGL target not found
Mono: successfully reloaded assembly
- Finished resetting the current domain, in  0.262 seconds
Domain Reload Profiling: 5775ms
	BeginReloadAssembly (4079ms)
		ExecutionOrderSort (0ms)
		DisableScriptedObjects (0ms)
		BackupInstance (0ms)
		ReleaseScriptingObjects (0ms)
		CreateAndSetChildDomain (1ms)
	RebuildCommonClasses (402ms)
	RebuildNativeTypeToScriptingClass (11ms)
	initialDomainReloadingComplete (220ms)
	LoadAllAssembliesAndSetupDomain (800ms)
		LoadAssemblies (4077ms)
		RebuildTransferFunctionScriptingTraits (0ms)
		AnalyzeDomain (798ms)
			TypeCache.Refresh (797ms)
				TypeCache.ScanAssembly (579ms)
			ScanForSourceGeneratedMonoScriptInfo (0ms)
			ResolveRequiredComponents (0ms)
	FinalizeReload (263ms)
		ReleaseScriptCaches (0ms)
		RebuildScriptCaches (0ms)
		SetupLoadedEditorAssemblies (203ms)
			LogAssemblyErrors (0ms)
			InitializePlatformSupportModulesInManaged (9ms)
			SetLoadedEditorAssemblies (5ms)
			RefreshPlugins (0ms)
			BeforeProcessingInitializeOnLoad (2ms)
			ProcessInitializeOnLoadAttributes (132ms)
			ProcessInitializeOnLoadMethodAttributes (55ms)
			AfterProcessingInitializeOnLoad (0ms)
			EditorAssembliesLoaded (0ms)
		ExecutionOrderSort2 (0ms)
		AwakeInstancesAfterBackupRestoration (0ms)
========================================================================
Worker process is ready to serve import requests
Begin MonoManager ReloadAssembly
- Loaded All Assemblies, in 61.718 seconds
Refreshing native plugins compatible for Editor in 6.02 ms, found 4 plugins.
Native extension for WindowsStandalone target not found
Native extension for WebGL target not found
Package Manager log level set to [2]
[Package Manager] Server::EnsureServerProcessIsRunning -- launch failed, reason: Unity was launched with the -noUpm command-line argument
[Package Manager] UpmClient::Send -- Unable to send message (not connected to UPM process).
[Package Manager] Cannot connect to Unity Package Manager local server
Mono: successfully reloaded assembly
- Finished resetting the current domain, in  0.602 seconds
Domain Reload Profiling: 62315ms
	BeginReloadAssembly (150ms)
		ExecutionOrderSort (0ms)
		DisableScriptedObjects (4ms)
		BackupInstance (0ms)
		ReleaseScriptingObjects (0ms)
		CreateAndSetChildDomain (24ms)
	RebuildCommonClasses (30ms)
	RebuildNativeTypeToScriptingClass (9ms)
	initialDomainReloadingComplete (50ms)
	LoadAllAssembliesAndSetupDomain (61474ms)
		LoadAssemblies (61106ms)
		RebuildTransferFunctionScriptingTraits (0ms)
		AnalyzeDomain (451ms)
			TypeCache.Refresh (430ms)
				TypeCache.ScanAssembly (390ms)
			ScanForSourceGeneratedMonoScriptInfo (16ms)
			ResolveRequiredComponents (3ms)
	FinalizeReload (602ms)
		ReleaseScriptCaches (0ms)
		RebuildScriptCaches (0ms)
		SetupLoadedEditorAssemblies (449ms)
			LogAssemblyErrors (0ms)
			InitializePlatformSupportModulesInManaged (7ms)
			SetLoadedEditorAssemblies (3ms)
			RefreshPlugins (0ms)
			BeforeProcessingInitializeOnLoad (61ms)
			ProcessInitializeOnLoadAttributes (332ms)
			ProcessInitializeOnLoadMethodAttributes (38ms)
			AfterProcessingInitializeOnLoad (6ms)
			EditorAssembliesLoaded (0ms)
		ExecutionOrderSort2 (0ms)
		AwakeInstancesAfterBackupRestoration (7ms)
Failed to load shader (instanceID 404, GUID 7cbb3655339ec401ca75ba5fe26884f4)
Failed to load shader (instanceID 406, GUID bedd19944f451ba4d83e7ed69be98d5c)
Failed to load shader (instanceID 400, GUID 3230fdc399f8287488325e5941a00527)
Failed to load shader (instanceID 408, GUID 9c442dc870b456e48b615cd8add0e9ef)
Failed to load shader (instanceID 402, GUID 603d454d711fe784cba9ce08dd22b881)
Failed to load shader (instanceID 398, GUID 0a8f4dcd626bcd14bbbfa5a5e116b16e)
Launched and connected shader compiler UnityShaderCompiler.exe after 0.07 seconds
Refreshing native plugins compatible for Editor in 7.36 ms, found 4 plugins.
Preloading 0 native plugins for Editor in 0.00 ms.
Unloading 4039 Unused Serialized files (Serialized files now loaded: 0)
Unloading 63 unused Assets / (60.5 KB). Loaded Objects now: 4503.
Memory consumption went from 139.7 MB to 139.6 MB.
Total: 4.388900 ms (FindLiveObjects: 0.346800 ms CreateObjectMapping: 0.449800 ms MarkObjects: 3.450400 ms  DeleteObjects: 0.141000 ms)

AssetImportParameters requested are different than current active one (requested -> active):
  custom:container-demuxer-ogg: 62fdf1f143b41e24485cea50d1cbac27 -> 
  custom:video-codec-MediaFoundation-h265: 746d11721c4dcdbdad8f713fa42b33f4 -> 
  custom:video-decoder-ogg-theora: a1e56fd34408186e4bbccfd4996cb3dc -> 
  custom:framework-win-MediaFoundation: 216162199b28c13a410421893ffa2e32 -> 
  custom:CustomObjectIndexerAttribute: 756ad292c208cfabdd7b50bc23989ffe -> 
  custom:container-demuxer-webm: 4f35f7cbe854078d1ac9338744f61a02 -> 
  custom:container-muxer-webm: aa71ff27fc2769a1b78a27578f13a17b -> 
  custom:video-decoder-webm-vp8: 9c59270c3fd7afecdb556c50c9e8de78 -> 
  custom:SearchIndexIgnoredProperties: e643bd26f0fe6173181afceb89e7c659 -> 
  custom:AudioImporter_EditorPlatform: d09bf68614088b80899f8185d706f6e7 -> 
  custom:video-encoder-webm-vp8: eb34c28f22e8b96e1ab97ce403110664 -> 
  custom:audio-decoder-ogg-vorbis: bf7c407c2cedff20999df2af8eb42d56 -> 
  custom:audio-encoder-webm-vorbis: bf7c407c2cedff20999df2af8eb42d56 -> 
========================================================================
Received Import Request.
  Time since last request: 656335.322259 seconds.
  path: Assets/tilemap/Sprite-0007_61.asset
  artifactKey: Guid(890462a3ae78a9e4680ee04dbbe75951) Importer(815301076,1909f56bfc062723c751e8b465ee728b)
Start importing Assets/tilemap/Sprite-0007_61.asset using Guid(890462a3ae78a9e4680ee04dbbe75951) Importer(815301076,1909f56bfc062723c751e8b465ee728b)  -> (artifact id: 'cba96400023ef2dc007b92d2edc1f012') in 0.089674 seconds
Number of updated asset objects reloaded before import = 0
Number of asset objects unloaded after import = 3
========================================================================
Received Import Request.
  Time since last request: 0.000044 seconds.
  path: Assets/tilemap/Sprite-0007_55.asset
  artifactKey: Guid(e0f1497fce37fa846907b6c37ac3909f) Importer(815301076,1909f56bfc062723c751e8b465ee728b)
Start importing Assets/tilemap/Sprite-0007_55.asset using Guid(e0f1497fce37fa846907b6c37ac3909f) Importer(815301076,1909f56bfc062723c751e8b465ee728b)  -> (artifact id: '1cc911423e4d4323e92a4242244042a0') in 0.017864 seconds
Number of updated asset objects reloaded before import = 0
Number of asset objects unloaded after import = 3
========================================================================
Received Import Request.
  Time since last request: 0.000019 seconds.
  path: Assets/tilemap/Sprite-0007_21.asset
  artifactKey: Guid(3288fa046e637f744a170dd0afd6ea08) Importer(815301076,1909f56bfc062723c751e8b465ee728b)
Start importing Assets/tilemap/Sprite-0007_21.asset using Guid(3288fa046e637f744a170dd0afd6ea08) Importer(815301076,1909f56bfc062723c751e8b465ee728b)  -> (artifact id: '910e5873eaf914ec2b8624227dd04e09') in 0.014325 seconds
Number of updated asset objects reloaded before import = 0
Number of asset objects unloaded after import = 3
========================================================================
Received Import Request.
  Time since last request: 0.000021 seconds.
  path: Assets/tilemap/Sprite-0007_48.asset
  artifactKey: Guid(103cce6421854b640967eafc944e3a3e) Importer(815301076,1909f56bfc062723c751e8b465ee728b)
Start importing Assets/tilemap/Sprite-0007_48.asset using Guid(103cce6421854b640967eafc944e3a3e) Importer(815301076,1909f56bfc062723c751e8b465ee728b)  -> (artifact id: '2a915aa147e41f24923ecd14178c4a48') in 0.012529 seconds
Number of updated asset objects reloaded before import = 0
Number of asset objects unloaded after import = 3
========================================================================
Received Import Request.
  Time since last request: 0.000018 seconds.
  path: Assets/tilemap/Sprite-0007_42.asset
  artifactKey: Guid(c83778ab6b204be40af3ab8887224e92) Importer(815301076,1909f56bfc062723c751e8b465ee728b)
Start importing Assets/tilemap/Sprite-0007_42.asset using Guid(c83778ab6b204be40af3ab8887224e92) Importer(815301076,1909f56bfc062723c751e8b465ee728b)  -> (artifact id: 'd61ce4c6db6b1eaae42dd68adaf6ad2d') in 0.012053 seconds
Number of updated asset objects reloaded before import = 0
Number of asset objects unloaded after import = 3
========================================================================
Received Import Request.
  Time since last request: 0.000023 seconds.
  path: Assets/tilemap/Sprite-0007_4.asset
  artifactKey: Guid(4b5b103ef63a2264d9e5b669fa354c14) Importer(815301076,1909f56bfc062723c751e8b465ee728b)
Start importing Assets/tilemap/Sprite-0007_4.asset using Guid(4b5b103ef63a2264d9e5b669fa354c14) Importer(815301076,1909f56bfc062723c751e8b465ee728b)  -> (artifact id: 'e7d7cb3153d440a05519117dd13075f9') in 0.012589 seconds
Number of updated asset objects reloaded before import = 0
Number of asset objects unloaded after import = 3
========================================================================
Received Import Request.
  Time since last request: 0.000019 seconds.
  path: Assets/tilemap/Sprite-0007_22.asset
  artifactKey: Guid(44467e99c7b7d8e408688597d9270159) Importer(815301076,1909f56bfc062723c751e8b465ee728b)
Start importing Assets/tilemap/Sprite-0007_22.asset using Guid(44467e99c7b7d8e408688597d9270159) Importer(815301076,1909f56bfc062723c751e8b465ee728b)  -> (artifact id: '8916a5463f8c9ec48bca4b63f4c16bd7') in 0.011610 seconds
Number of updated asset objects reloaded before import = 0
Number of asset objects unloaded after import = 3
========================================================================
Received Import Request.
  Time since last request: 0.000016 seconds.
  path: Assets/tilemap/Sprite-0007_5.asset
  artifactKey: Guid(b8521c2a8c19ddf4f9175b3dd2ec6fb7) Importer(815301076,1909f56bfc062723c751e8b465ee728b)
Start importing Assets/tilemap/Sprite-0007_5.asset using Guid(b8521c2a8c19ddf4f9175b3dd2ec6fb7) Importer(815301076,1909f56bfc062723c751e8b465ee728b)  -> (artifact id: '8cc486a48c7cc9d27570ff781fd2151e') in 0.012727 seconds
Number of updated asset objects reloaded before import = 0
Number of asset objects unloaded after import = 3
========================================================================
Received Import Request.
  Time since last request: 0.000021 seconds.
  path: Assets/ABY/Sprite-0001.png
  artifactKey: Guid(b35bd908a88966e43820e8e7e73ade19) Importer(815301076,1909f56bfc062723c751e8b465ee728b)
Start importing Assets/ABY/Sprite-0001.png using Guid(b35bd908a88966e43820e8e7e73ade19) Importer(815301076,1909f56bfc062723c751e8b465ee728b)  -> (artifact id: '34ccfe44063509928c0bc5bd8722124f') in 0.055411 seconds
Number of updated asset objects reloaded before import = 0
Number of asset objects unloaded after import = 6
========================================================================
Received Import Request.
  Time since last request: 0.000021 seconds.
  path: Assets/tilemap/Sprite-0007_47.asset
  artifactKey: Guid(d47840523b949224a9d0fdb2e90c3594) Importer(815301076,1909f56bfc062723c751e8b465ee728b)
Start importing Assets/tilemap/Sprite-0007_47.asset using Guid(d47840523b949224a9d0fdb2e90c3594) Importer(815301076,1909f56bfc062723c751e8b465ee728b)  -> (artifact id: '7801da089041f25d0f8e0ce9df019728') in 0.012442 seconds
Number of updated asset objects reloaded before import = 0
Number of asset objects unloaded after import = 3
========================================================================
Received Import Request.
  Time since last request: 0.000015 seconds.
  path: Assets/tilemap/Sprite-0007_40.asset
  artifactKey: Guid(dac1a88bb9742914d8255f69c2c62e3c) Importer(815301076,1909f56bfc062723c751e8b465ee728b)
Start importing Assets/tilemap/Sprite-0007_40.asset using Guid(dac1a88bb9742914d8255f69c2c62e3c) Importer(815301076,1909f56bfc062723c751e8b465ee728b)  -> (artifact id: 'a0fbad6d37aac8b12d0a940f05399306') in 0.011247 seconds
Number of updated asset objects reloaded before import = 0
Number of asset objects unloaded after import = 3
========================================================================
Received Import Request.
  Time since last request: 0.000022 seconds.
  path: Assets/tilemap/Sprite-0007_74.asset
  artifactKey: Guid(926d5757334925b48bcb1195b29e01ca) Importer(815301076,1909f56bfc062723c751e8b465ee728b)
Start importing Assets/tilemap/Sprite-0007_74.asset using Guid(926d5757334925b48bcb1195b29e01ca) Importer(815301076,1909f56bfc062723c751e8b465ee728b)  -> (artifact id: '05742997f01f988a9cebeb4b5b0f0d36') in 0.012596 seconds
Number of updated asset objects reloaded before import = 0
Number of asset objects unloaded after import = 3
========================================================================
Received Import Request.
  Time since last request: 0.000017 seconds.
  path: Assets/tilemap/Sprite-0007_20.asset
  artifactKey: Guid(9c2f2a40d7269774fb96585536d5cb03) Importer(815301076,1909f56bfc062723c751e8b465ee728b)
Start importing Assets/tilemap/Sprite-0007_20.asset using Guid(9c2f2a40d7269774fb96585536d5cb03) Importer(815301076,1909f56bfc062723c751e8b465ee728b)  -> (artifact id: 'c670efb327964d3bf109d44c795170dd') in 0.016584 seconds
Number of updated asset objects reloaded before import = 0
Number of asset objects unloaded after import = 3
========================================================================
Received Import Request.
  Time since last request: 0.000021 seconds.
  path: Assets/tilemap/Sprite-0007_45.asset
  artifactKey: Guid(afdaf9a4c1b510a40bfa097ded08a376) Importer(815301076,1909f56bfc062723c751e8b465ee728b)
Start importing Assets/tilemap/Sprite-0007_45.asset using Guid(afdaf9a4c1b510a40bfa097ded08a376) Importer(815301076,1909f56bfc062723c751e8b465ee728b)  -> (artifact id: 'bbecb0b23405a2a1a6549e3448a465eb') in 0.010220 seconds
Number of updated asset objects reloaded before import = 0
Number of asset objects unloaded after import = 3
========================================================================
Received Import Request.
  Time since last request: 0.000025 seconds.
  path: Assets/tilemap/Sprite-0007_13.asset
  artifactKey: Guid(884b979c0b24e3542b60e84e888dde7d) Importer(815301076,1909f56bfc062723c751e8b465ee728b)
Start importing Assets/tilemap/Sprite-0007_13.asset using Guid(884b979c0b24e3542b60e84e888dde7d) Importer(815301076,1909f56bfc062723c751e8b465ee728b)  -> (artifact id: 'a26135c7abf0d611f5f1b690113b4f7e') in 0.011198 seconds
Number of updated asset objects reloaded before import = 0
Number of asset objects unloaded after import = 3
========================================================================
Received Import Request.
  Time since last request: 0.000020 seconds.
  path: Assets/ABY/Sprite-0002.png
  artifactKey: Guid(7d96b3ea5b4f665499e64cf3f883f422) Importer(815301076,1909f56bfc062723c751e8b465ee728b)
Start importing Assets/ABY/Sprite-0002.png using Guid(7d96b3ea5b4f665499e64cf3f883f422) Importer(815301076,1909f56bfc062723c751e8b465ee728b)  -> (artifact id: '15242c0dcf1245999cb722bbe8b08b5c') in 0.041345 seconds
Number of updated asset objects reloaded before import = 0
Number of asset objects unloaded after import = 6
========================================================================
Received Import Request.
  Time since last request: 0.000016 seconds.
  path: Assets/tilemap/Sprite-0007_3.asset
  artifactKey: Guid(786f36610d30def4d90a075d685b6f07) Importer(815301076,1909f56bfc062723c751e8b465ee728b)
Start importing Assets/tilemap/Sprite-0007_3.asset using Guid(786f36610d30def4d90a075d685b6f07) Importer(815301076,1909f56bfc062723c751e8b465ee728b)  -> (artifact id: '3c80112de05aaabd40a0a3072e302463') in 0.011222 seconds
Number of updated asset objects reloaded before import = 0
Number of asset objects unloaded after import = 3
========================================================================
Received Import Request.
  Time since last request: 0.000017 seconds.
  path: Assets/tilemap/Sprite-0007_28.asset
  artifactKey: Guid(d19914189a7909e44b07b5829543a6cb) Importer(815301076,1909f56bfc062723c751e8b465ee728b)
Start importing Assets/tilemap/Sprite-0007_28.asset using Guid(d19914189a7909e44b07b5829543a6cb) Importer(815301076,1909f56bfc062723c751e8b465ee728b)  -> (artifact id: '87c0dfd4dfbd4f0b39086d66883d3c81') in 0.012424 seconds
Number of updated asset objects reloaded before import = 0
Number of asset objects unloaded after import = 3
========================================================================
Received Import Request.
  Time since last request: 0.000017 seconds.
  path: Assets/tilemap/Sprite-0007_31.asset
  artifactKey: Guid(d4f60b47da81c4947802d23e1f5b7119) Importer(815301076,1909f56bfc062723c751e8b465ee728b)
Start importing Assets/tilemap/Sprite-0007_31.asset using Guid(d4f60b47da81c4947802d23e1f5b7119) Importer(815301076,1909f56bfc062723c751e8b465ee728b)  -> (artifact id: '056b142b1a6f3b0240e6f6ab30c02b79') in 0.012457 seconds
Number of updated asset objects reloaded before import = 0
Number of asset objects unloaded after import = 3
========================================================================
Received Import Request.
  Time since last request: 0.000016 seconds.
  path: Assets/tilemap/Sprite-0007_18.asset
  artifactKey: Guid(f2f9d7df7da1bfb4b8460347680359fc) Importer(815301076,1909f56bfc062723c751e8b465ee728b)
Start importing Assets/tilemap/Sprite-0007_18.asset using Guid(f2f9d7df7da1bfb4b8460347680359fc) Importer(815301076,1909f56bfc062723c751e8b465ee728b)  -> (artifact id: 'bb3811098d355f8e6f291c98e95819d1') in 0.012185 seconds
Number of updated asset objects reloaded before import = 0
Number of asset objects unloaded after import = 3
========================================================================
Received Import Request.
  Time since last request: 0.000022 seconds.
  path: Assets/tilemap/Sprite-0007_7.asset
  artifactKey: Guid(031c5990c7e881b4db661d26cde5a990) Importer(815301076,1909f56bfc062723c751e8b465ee728b)
Start importing Assets/tilemap/Sprite-0007_7.asset using Guid(031c5990c7e881b4db661d26cde5a990) Importer(815301076,1909f56bfc062723c751e8b465ee728b)  -> (artifact id: 'bb95364de3c9c521f2a977f26c57e7af') in 0.013050 seconds
Number of updated asset objects reloaded before import = 0
Number of asset objects unloaded after import = 3
Editor requested this worker to shutdown with reason: Scaling down because of idle timeout
TcpMessagingSession - receive error: operation aborted. errorcode: 995, details: L’opération d’entrée/sortie a été abandonnée en raison de l’arrêt d’un thread ou à la demande d’une application.
AssetImportWorker is now disconnected from the server
Process exiting
Exiting without the bug reporter. Application will terminate with return code 0